D:\Practise_Home\Angular2DemoProject\Angular2Project\Angular2Project\src\app\employee\Employee.js
D:\Practise_Home\Angular2DemoProject\Angular2Project\Angular2Project\src\app\employee\Employee.js.map
D:\Practise_Home\Angular2DemoProject\Angular2Project\Angular2Project\src\app\employee\employee.service.js
D:\Practise_Home\Angular2DemoProject\Angular2Project\Angular2Project\src\app\employee\employee.service.js.map
D:\Practise_Home\Angular2DemoProject\Angular2Project\Angular2Project\src\app\test.module.js
D:\Practise_Home\Angular2DemoProject\Angular2Project\Angular2Project\src\app\test.module.js.map
D:\Practise_Home\Angular2DemoProject\Angular2Project\Angular2Project\src\app\app.component.js
D:\Practise_Home\Angular2DemoProject\Angular2Project\Angular2Project\src\app\app.component.js.map
D:\Practise_Home\Angular2DemoProject\Angular2Project\Angular2Project\src\app\employee\employeeList.component.js
D:\Practise_Home\Angular2DemoProject\Angular2Project\Angular2Project\src\app\employee\employeeList.component.js.map
D:\Practise_Home\Angular2DemoProject\Angular2Project\Angular2Project\src\app\employee\employeeTitel.pipe.js
D:\Practise_Home\Angular2DemoProject\Angular2Project\Angular2Project\src\app\employee\employeeTitel.pipe.js.map
D:\Practise_Home\Angular2DemoProject\Angular2Project\Angular2Project\src\app\employee\employeeCount.component.js
D:\Practise_Home\Angular2DemoProject\Angular2Project\Angular2Project\src\app\employee\employeeCount.component.js.map
D:\Practise_Home\Angular2DemoProject\Angular2Project\Angular2Project\src\app\home\home.component.js
D:\Practise_Home\Angular2DemoProject\Angular2Project\Angular2Project\src\app\home\home.component.js.map
D:\Practise_Home\Angular2DemoProject\Angular2Project\Angular2Project\src\app\others\pageNotFound.component.js
D:\Practise_Home\Angular2DemoProject\Angular2Project\Angular2Project\src\app\others\pageNotFound.component.js.map
D:\Practise_Home\Angular2DemoProject\Angular2Project\Angular2Project\src\app\employee\employee.component.js
D:\Practise_Home\Angular2DemoProject\Angular2Project\Angular2Project\src\app\employee\employee.component.js.map
D:\Practise_Home\Angular2DemoProject\Angular2Project\Angular2Project\src\app\app.module.js
D:\Practise_Home\Angular2DemoProject\Angular2Project\Angular2Project\src\app\app.module.js.map
D:\Practise_Home\Angular2DemoProject\Angular2Project\Angular2Project\src\main.js
D:\Practise_Home\Angular2DemoProject\Angular2Project\Angular2Project\src\main.js.map
D:\Practise_Home\Angular2DemoProject\Angular2Project\Angular2Project\src\app\app.component.spec.js
D:\Practise_Home\Angular2DemoProject\Angular2Project\Angular2Project\src\app\app.component.spec.js.map
